#
# There is insufficient memory for the Java Runtime Environment to continue.
# Native memory allocation (mmap) failed to map 17179869184 bytes. Error detail: committing reserved memory.
# Possible reasons:
#   The system is out of physical RAM or swap space
#   This process is running with CompressedOops enabled, and the Java Heap may be blocking the growth of the native heap
# Possible solutions:
#   Reduce memory load on the system
#   Increase physical memory or swap space
#   Check if swap backing store is full
#   Decrease Java heap size (-Xmx/-Xms)
#   Decrease number of Java threads
#   Decrease Java thread stack sizes (-Xss)
#   Set larger code cache with -XX:ReservedCodeCacheSize=
#   JVM is running with Zero Based Compressed Oops mode in which the Java heap is
#     placed in the first 32GB address space. The Java Heap base address is the
#     maximum limit for the native heap growth. Please use -XX:HeapBaseMinAddress
#     to set the Java Heap base and to place the Java Heap above 32GB virtual address.
# This output file may be truncated or incomplete.
#
#  Out of Memory Error (os_linux.cpp:2793), pid=2286, tid=2287
#
# JRE version:  (21.0.6+7) (build )
# Java VM: OpenJDK 64-Bit Server VM (21.0.6+7-LTS, mixed mode, sharing, tiered, compressed oops, compressed class ptrs, g1 gc, linux-amd64)
# Core dump will be written. Default location: Core dumps may be processed with "/usr/share/apport/apport -p%p -s%s -c%c -d%d -P%P -u%u -g%g -- %E" (or dumping to /workspaces/JAVA-SERVER-PE-/core.2286)
#

---------------  S U M M A R Y ------------

Command Line: -Xmx22G -Xms16G paper.jar --nogui

Host: AMD EPYC 7763 64-Core Processor, 4 cores, 15G, Ubuntu 20.04.6 LTS
Time: Tue May 13 09:16:30 2025 UTC elapsed time: 0.027964 seconds (0d 0h 0m 0s)

---------------  T H R E A D  ---------------

Current thread (0x0000731d9002a4e0):  JavaThread "Unknown thread" [_thread_in_vm, id=2287, stack(0x0000731d96439000,0x0000731d9653a000) (1028K)]

Stack: [0x0000731d96439000,0x0000731d9653a000],  sp=0x0000731d965384b0,  free space=1021k
Native frames: (J=compiled Java code, j=interpreted, Vv=VM code, C=native code)
V  [libjvm.so+0x100b3b8]  VMError::report_and_die(int, char const*, char const*, __va_list_tag*, Thread*, unsigned char*, void*, void*, char const*, int, unsigned long)+0x2b8  (os_linux.cpp:2793)
V  [libjvm.so+0x100bdad]
V  [libjvm.so+0x6bbe2f]
V  [libjvm.so+0xd071b4]  os::pd_commit_memory_or_exit(char*, unsigned long, unsigned long, bool, char const*)+0xd4
V  [libjvm.so+0xd0062d]  os::commit_memory_or_exit(char*, unsigned long, unsigned long, bool, char const*)+0x1d
V  [libjvm.so+0x818f4b]  G1PageBasedVirtualSpace::commit(unsigned long, unsigned long)+0xfb
V  [libjvm.so+0x82f06f]  G1RegionsLargerThanCommitSizeMapper::commit_regions(unsigned int, unsigned long, WorkerThreads*)+0x9f
V  [libjvm.so+0x8be8f5]  HeapRegionManager::commit_regions(unsigned int, unsigned long, WorkerThreads*)+0x55
V  [libjvm.so+0x8c0562]  HeapRegionManager::expand(unsigned int, unsigned int, WorkerThreads*)+0x32
V  [libjvm.so+0x8c078e]  HeapRegionManager::expand_by(unsigned int, WorkerThreads*)+0x7e
V  [libjvm.so+0x7d341f]  G1CollectedHeap::expand(unsigned long, WorkerThreads*, double*)+0xff
V  [libjvm.so+0x7d3a34]  G1CollectedHeap::initialize()+0x5c4
V  [libjvm.so+0xfad686]  universe_init()+0xd6
V  [libjvm.so+0x8deeb7]  init_globals()+0x37
V  [libjvm.so+0xf8c6d5]  Threads::create_vm(JavaVMInitArgs*, bool*)+0x2b5
V  [libjvm.so+0x9b9a0f]  JNI_CreateJavaVM+0x4f
C  [libjli.so+0x42bb]  JavaMain+0x8b
C  [libjli.so+0x7e09]  ThreadJavaMain+0x9

---------------  P R O C E S S  ---------------

Threads class SMR info:
_java_thread_list=0x0000731d97c05dc0, length=0, elements={
}

Java Threads: ( => current thread )
Total: 0

Other Threads:
  0x0000731d90052620 WorkerThread "GC Thread#0"                     [id=2288, stack(0x0000731d95bb9000,0x0000731d95cb9000) (1024K)]
  0x0000731d9005ec10 ConcurrentGCThread "G1 Main Marker"            [id=2289, stack(0x0000731d95ab8000,0x0000731d95bb8000) (1024K)]
  0x0000731d9005fbb0 WorkerThread "G1 Conc#0"                       [id=2290, stack(0x0000731d959b7000,0x0000731d95ab7000) (1024K)]

[error occurred during error reporting (printing all threads), id 0xb, SIGSEGV (0xb) at pc=0x0000731d96e7f370]
VM state: not at safepoint (not fully initialized)

VM Mutex/Monitor currently owned by a thread:  ([mutex/lock_event])
[0x0000731d97bdfc78] Heap_lock - owner thread: 0x0000731d9002a4e0

Heap address: 0x0000000280000000, size: 22528 MB, Compressed Oops mode: Zero based, Oop shift amount: 3

CDS archive(s) mapped at: [0x0000000000000000-0x0000000000000000-0x0000000000000000), size 0, SharedBaseAddress: 0x0000000800000000, ArchiveRelocationMode: 1.
Narrow klass base: 0x0000000000000000, Narrow klass shift: 0, Narrow klass range: 0x0

GC Precious Log:
 CardTable entry size: 512
 Card Set container configuration: InlinePtr #cards 3 size 8 Array Of Cards #cards 128 size 272 Howl #buckets 8 coarsen threshold 29491 Howl Bitmap #cards 4096 size 528 coarsen threshold 3686 Card regions per heap region 1 cards per card region 32768

Heap:
 garbage-first heap   total 0K, used 0K [0x0000000280000000, 0x0000000800000000)
  region size 16384K, 0 young (0K), 0 survivors (0K)

[error occurred during error reporting (printing heap information), id 0xb, SIGSEGV (0xb) at pc=0x0000731d974459ea]
GC Heap History (0 events):
No events

Dll operation events (1 events):
Event: 0.020 Loaded shared library /usr/local/sdkman/candidates/java/21.0.6-ms/lib/libjava.so

Deoptimization events (0 events):
No events

Classes loaded (0 events):
No events

Classes unloaded (0 events):
No events

Classes redefined (0 events):
No events

Internal exceptions (0 events):
No events

ZGC Phase Switch (0 events):
No events

VM Operations (0 events):
No events

Memory protections (1 events):
Event: 0.016 Protecting memory [0x0000731d96439000,0x0000731d9643d000] with protection modes 0

Nmethod flushes (0 events):
No events

Events (0 events):
No events


Dynamic libraries:
680000000-800000000 ---p 00000000 00:00 0 
5eaeb6557000-5eaeb6558000 r-xp 00000000 00:2c 13765                      /usr/local/sdkman/candidates/java/21.0.6-ms/bin/java
5eaeb6559000-5eaeb655a000 r--p 00001000 00:2c 13765                      /usr/local/sdkman/candidates/java/21.0.6-ms/bin/java
5eaeb655a000-5eaeb655b000 rw-p 00002000 00:2c 13765                      /usr/local/sdkman/candidates/java/21.0.6-ms/bin/java
5eaee10c5000-5eaee110b000 rw-p 00000000 00:00 0                          [heap]
731d4e000000-731d50000000 rw-p 00000000 00:00 0 
731d50000000-731d50021000 rw-p 00000000 00:00 0 
731d50021000-731d54000000 ---p 00000000 00:00 0 
731d54000000-731d54021000 rw-p 00000000 00:00 0 
731d54021000-731d58000000 ---p 00000000 00:00 0 
731d58000000-731d58021000 rw-p 00000000 00:00 0 
731d58021000-731d5c000000 ---p 00000000 00:00 0 
731d5d000000-731d78800000 ---p 00000000 00:00 0 
731d78800000-731d78a70000 rwxp 00000000 00:00 0 
731d78a70000-731d7fd37000 ---p 00000000 00:00 0 
731d7fd37000-731d7ffa7000 rwxp 00000000 00:00 0 
731d7ffa7000-731d802c8000 ---p 00000000 00:00 0 
731d802c8000-731d80538000 rwxp 00000000 00:00 0 
731d80538000-731d87800000 ---p 00000000 00:00 0 
731d8789c000-731d90000000 r--s 00000000 00:2c 14252                      /usr/local/sdkman/candidates/java/21.0.6-ms/lib/modules
731d90000000-731d9007e000 rw-p 00000000 00:00 0 
731d9007e000-731d94000000 ---p 00000000 00:00 0 
731d95147000-731d959b6000 rw-p 00000000 00:00 0 
731d959b6000-731d959b7000 ---p 00000000 00:00 0 
731d959b7000-731d95ab7000 rw-p 00000000 00:00 0 
731d95ab7000-731d95ab8000 ---p 00000000 00:00 0 
731d95ab8000-731d95bb8000 rw-p 00000000 00:00 0 
731d95bb8000-731d95bb9000 ---p 00000000 00:00 0 
731d95bb9000-731d95cb9000 rw-p 00000000 00:00 0 
731d95cb9000-731d961fb000 rw-p 00000000 00:00 0 
731d961fb000-731d962e1000 ---p 00000000 00:00 0 
731d962e1000-731d962e6000 rw-p 00000000 00:00 0 
731d962e6000-731d963cc000 ---p 00000000 00:00 0 
731d963cc000-731d963d1000 rw-p 00000000 00:00 0 
731d963d1000-731d963d8000 ---p 00000000 00:00 0 
731d963d8000-731d963f8000 r-xp 00000000 00:2c 14227                      /usr/local/sdkman/candidates/java/21.0.6-ms/lib/libjava.so
731d963f8000-731d963f9000 ---p 00020000 00:2c 14227                      /usr/local/sdkman/candidates/java/21.0.6-ms/lib/libjava.so
731d963f9000-731d963fa000 r--p 00020000 00:2c 14227                      /usr/local/sdkman/candidates/java/21.0.6-ms/lib/libjava.so
731d963fa000-731d963fb000 rw-p 00021000 00:2c 14227                      /usr/local/sdkman/candidates/java/21.0.6-ms/lib/libjava.so
731d963fb000-731d963fc000 rw-p 00000000 00:00 0 
731d963fc000-731d963ff000 r--p 00000000 00:2c 1183273                    /usr/lib/x86_64-linux-gnu/libnss_files-2.31.so
731d963ff000-731d96406000 r-xp 00003000 00:2c 1183273                    /usr/lib/x86_64-linux-gnu/libnss_files-2.31.so
731d96406000-731d96408000 r--p 0000a000 00:2c 1183273                    /usr/lib/x86_64-linux-gnu/libnss_files-2.31.so
731d96408000-731d96409000 r--p 0000b000 00:2c 1183273                    /usr/lib/x86_64-linux-gnu/libnss_files-2.31.so
731d96409000-731d9640a000 rw-p 0000c000 00:2c 1183273                    /usr/lib/x86_64-linux-gnu/libnss_files-2.31.so
731d9640a000-731d96410000 rw-p 00000000 00:00 0 
731d9641a000-731d96435000 r-xp 00000000 00:2c 14231                      /usr/local/sdkman/candidates/java/21.0.6-ms/lib/libjimage.so
731d96435000-731d96436000 ---p 0001b000 00:2c 14231                      /usr/local/sdkman/candidates/java/21.0.6-ms/lib/libjimage.so
731d96436000-731d96438000 r--p 0001b000 00:2c 14231                      /usr/local/sdkman/candidates/java/21.0.6-ms/lib/libjimage.so
731d96438000-731d96439000 rw-p 0001d000 00:2c 14231                      /usr/local/sdkman/candidates/java/21.0.6-ms/lib/libjimage.so
731d96439000-731d9643d000 ---p 00000000 00:00 0 
731d9643d000-731d9653a000 rw-p 00000000 00:00 0 
731d9653a000-731d96547000 r--p 00000000 00:2c 1183262                    /usr/lib/x86_64-linux-gnu/libm-2.31.so
731d96547000-731d965ee000 r-xp 0000d000 00:2c 1183262                    /usr/lib/x86_64-linux-gnu/libm-2.31.so
731d965ee000-731d96687000 r--p 000b4000 00:2c 1183262                    /usr/lib/x86_64-linux-gnu/libm-2.31.so
731d96687000-731d96688000 r--p 0014c000 00:2c 1183262                    /usr/lib/x86_64-linux-gnu/libm-2.31.so
731d96688000-731d96689000 rw-p 0014d000 00:2c 1183262                    /usr/lib/x86_64-linux-gnu/libm-2.31.so
731d96689000-731d9668b000 r--p 00000000 00:2c 1183286                    /usr/lib/x86_64-linux-gnu/librt-2.31.so
731d9668b000-731d9668f000 r-xp 00002000 00:2c 1183286                    /usr/lib/x86_64-linux-gnu/librt-2.31.so
731d9668f000-731d96691000 r--p 00006000 00:2c 1183286                    /usr/lib/x86_64-linux-gnu/librt-2.31.so
731d96691000-731d96692000 r--p 00007000 00:2c 1183286                    /usr/lib/x86_64-linux-gnu/librt-2.31.so
731d96692000-731d96693000 rw-p 00008000 00:2c 1183286                    /usr/lib/x86_64-linux-gnu/librt-2.31.so
731d96693000-731d97aa9000 r-xp 00000000 00:2c 14264                      /usr/local/sdkman/candidates/java/21.0.6-ms/lib/server/libjvm.so
731d97aa9000-731d97aaa000 ---p 01416000 00:2c 14264                      /usr/local/sdkman/candidates/java/21.0.6-ms/lib/server/libjvm.so
731d97aaa000-731d97b7e000 r--p 01416000 00:2c 14264                      /usr/local/sdkman/candidates/java/21.0.6-ms/lib/server/libjvm.so
731d97b7e000-731d97bae000 rw-p 014ea000 00:2c 14264                      /usr/local/sdkman/candidates/java/21.0.6-ms/lib/server/libjvm.so
731d97bae000-731d97c16000 rw-p 00000000 00:00 0 
731d97c16000-731d97c38000 r--p 00000000 00:2c 1183256                    /usr/lib/x86_64-linux-gnu/libc-2.31.so
731d97c38000-731d97db0000 r-xp 00022000 00:2c 1183256                    /usr/lib/x86_64-linux-gnu/libc-2.31.so
731d97db0000-731d97dfe000 r--p 0019a000 00:2c 1183256                    /usr/lib/x86_64-linux-gnu/libc-2.31.so
731d97dfe000-731d97e02000 r--p 001e7000 00:2c 1183256                    /usr/lib/x86_64-linux-gnu/libc-2.31.so
731d97e02000-731d97e04000 rw-p 001eb000 00:2c 1183256                    /usr/lib/x86_64-linux-gnu/libc-2.31.so
731d97e04000-731d97e08000 rw-p 00000000 00:00 0 
731d97e08000-731d97e09000 r--p 00000000 00:2c 1183258                    /usr/lib/x86_64-linux-gnu/libdl-2.31.so
731d97e09000-731d97e0b000 r-xp 00001000 00:2c 1183258                    /usr/lib/x86_64-linux-gnu/libdl-2.31.so
731d97e0b000-731d97e0c000 r--p 00003000 00:2c 1183258                    /usr/lib/x86_64-linux-gnu/libdl-2.31.so
731d97e0c000-731d97e0d000 r--p 00003000 00:2c 1183258                    /usr/lib/x86_64-linux-gnu/libdl-2.31.so
731d97e0d000-731d97e0e000 rw-p 00004000 00:2c 1183258                    /usr/lib/x86_64-linux-gnu/libdl-2.31.so
731d97e0e000-731d97e14000 r--p 00000000 00:2c 1183282                    /usr/lib/x86_64-linux-gnu/libpthread-2.31.so
731d97e14000-731d97e25000 r-xp 00006000 00:2c 1183282                    /usr/lib/x86_64-linux-gnu/libpthread-2.31.so
731d97e25000-731d97e2b000 r--p 00017000 00:2c 1183282                    /usr/lib/x86_64-linux-gnu/libpthread-2.31.so
731d97e2b000-731d97e2c000 r--p 0001c000 00:2c 1183282                    /usr/lib/x86_64-linux-gnu/libpthread-2.31.so
731d97e2c000-731d97e2d000 rw-p 0001d000 00:2c 1183282                    /usr/lib/x86_64-linux-gnu/libpthread-2.31.so
731d97e2d000-731d97e31000 rw-p 00000000 00:00 0 
731d97e31000-731d97e3f000 r-xp 00000000 00:2c 14232                      /usr/local/sdkman/candidates/java/21.0.6-ms/lib/libjli.so
731d97e3f000-731d97e40000 ---p 0000e000 00:2c 14232                      /usr/local/sdkman/candidates/java/21.0.6-ms/lib/libjli.so
731d97e40000-731d97e41000 r--p 0000e000 00:2c 14232                      /usr/local/sdkman/candidates/java/21.0.6-ms/lib/libjli.so
731d97e41000-731d97e42000 rw-p 0000f000 00:2c 14232                      /usr/local/sdkman/candidates/java/21.0.6-ms/lib/libjli.so
731d97e42000-731d97e44000 r--p 00000000 00:2c 1180715                    /usr/lib/x86_64-linux-gnu/libz.so.1.2.11
731d97e44000-731d97e55000 r-xp 00002000 00:2c 1180715                    /usr/lib/x86_64-linux-gnu/libz.so.1.2.11
731d97e55000-731d97e5b000 r--p 00013000 00:2c 1180715                    /usr/lib/x86_64-linux-gnu/libz.so.1.2.11
731d97e5b000-731d97e5c000 ---p 00019000 00:2c 1180715                    /usr/lib/x86_64-linux-gnu/libz.so.1.2.11
731d97e5c000-731d97e5d000 r--p 00019000 00:2c 1180715                    /usr/lib/x86_64-linux-gnu/libz.so.1.2.11
731d97e5d000-731d97e5e000 rw-p 0001a000 00:2c 1180715                    /usr/lib/x86_64-linux-gnu/libz.so.1.2.11
731d97e5e000-731d97e66000 rw-s 00000000 08:21 3407883                    /tmp/hsperfdata_codespace/2286
731d97e66000-731d97e67000 ---p 00000000 00:00 0 
731d97e67000-731d97e68000 r--p 00000000 00:00 0 
731d97e68000-731d97e6a000 rw-p 00000000 00:00 0 
731d97e6a000-731d97e6b000 r--p 00000000 00:2c 1183249                    /usr/lib/x86_64-linux-gnu/ld-2.31.so
731d97e6b000-731d97e8e000 r-xp 00001000 00:2c 1183249                    /usr/lib/x86_64-linux-gnu/ld-2.31.so
731d97e8e000-731d97e96000 r--p 00024000 00:2c 1183249                    /usr/lib/x86_64-linux-gnu/ld-2.31.so
731d97e96000-731d97e97000 ---p 00000000 00:00 0 
731d97e97000-731d97e98000 r--p 0002c000 00:2c 1183249                    /usr/lib/x86_64-linux-gnu/ld-2.31.so
731d97e98000-731d97e99000 rw-p 0002d000 00:2c 1183249                    /usr/lib/x86_64-linux-gnu/ld-2.31.so
731d97e99000-731d97e9a000 rw-p 00000000 00:00 0 
7ffcdd6d6000-7ffcdd6f8000 rw-p 00000000 00:00 0                          [stack]
7ffcdd7a5000-7ffcdd7a9000 r--p 00000000 00:00 0                          [vvar]
7ffcdd7a9000-7ffcdd7ab000 r-xp 00000000 00:00 0                          [vdso]
ffffffffff600000-ffffffffff601000 --xp 00000000 00:00 0                  [vsyscall]
Total number of mappings: 109


VM Arguments:
jvm_args: -Xmx22G -Xms16G 
java_command: paper.jar --nogui
java_class_path (initial): paper.jar
Launcher Type: SUN_STANDARD

[Global flags]
     intx CICompilerCount                          = 3                                         {product} {ergonomic}
     uint ConcGCThreads                            = 1                                         {product} {ergonomic}
     uint G1ConcRefinementThreads                  = 4                                         {product} {ergonomic}
   size_t G1HeapRegionSize                         = 16777216                                  {product} {ergonomic}
    uintx GCDrainStackTargetSize                   = 64                                        {product} {ergonomic}
   size_t InitialHeapSize                          = 17179869184                               {product} {command line}
   size_t MarkStackSize                            = 4194304                                   {product} {ergonomic}
   size_t MaxHeapSize                              = 23622320128                               {product} {command line}
   size_t MinHeapDeltaBytes                        = 16777216                                  {product} {ergonomic}
   size_t MinHeapSize                              = 17179869184                               {product} {command line}
    uintx NonNMethodCodeHeapSize                   = 5832780                                {pd product} {ergonomic}
    uintx NonProfiledCodeHeapSize                  = 122912730                              {pd product} {ergonomic}
    uintx ProfiledCodeHeapSize                     = 122912730                              {pd product} {ergonomic}
    uintx ReservedCodeCacheSize                    = 251658240                              {pd product} {ergonomic}
     bool SegmentedCodeCache                       = true                                      {product} {ergonomic}
   size_t SoftMaxHeapSize                          = 23622320128                            {manageable} {ergonomic}
     bool UseCompressedOops                        = true                           {product lp64_product} {ergonomic}
     bool UseG1GC                                  = true                                      {product} {ergonomic}

Logging:
Log output configuration:
 #0: stdout all=warning uptime,level,tags foldmultilines=false
 #1: stderr all=off uptime,level,tags foldmultilines=false

Environment Variables:
JAVA_HOME=/usr/local/sdkman/candidates/java/current
PATH=/usr/local/rvm/gems/ruby-3.3.4/bin:/usr/local/rvm/gems/ruby-3.3.4@global/bin:/usr/local/rvm/rubies/ruby-3.3.4/bin:/vscode/bin/linux-x64/19e0f9e681ecb8e5c09d8784acaa601316ca4571/bin/remote-cli:/home/codespace/.local/bin:/home/codespace/.dotnet:/home/codespace/nvm/current/bin:/home/codespace/.php/current/bin:/home/codespace/.python/current/bin:/home/codespace/java/current/bin:/home/codespace/.ruby/current/bin:/home/codespace/.local/bin:/usr/local/python/current/bin:/usr/local/py-utils/bin:/usr/local/jupyter:/usr/local/oryx:/usr/local/go/bin:/go/bin:/usr/local/sdkman/bin:/usr/local/sdkman/candidates/java/current/bin:/usr/local/sdkman/candidates/gradle/current/bin:/usr/local/sdkman/candidates/maven/current/bin:/usr/local/sdkman/candidates/ant/current/bin:/usr/local/rvm/gems/default/bin:/usr/local/rvm/gems/default@global/bin:/usr/local/rvm/rubies/default/bin:/usr/local/share/rbenv/bin:/usr/local/php/current/bin:/opt/conda/bin:/usr/local/nvs:/usr/local/share/nvm/versions/node/v20.19.0/bin:/usr/local/hugo/bin:/usr/local/sbin:/usr/local/bin:/usr/sbin:/usr/bin:/sbin:/bin:/usr/share/dotnet:/home/codespace/.dotnet/tools:/usr/local/rvm/bin
SHELL=/bin/bash
LANG=C.UTF-8
TERM=xterm-256color

Active Locale:
LC_ALL=C
LC_COLLATE=C
LC_CTYPE=C
LC_MESSAGES=C
LC_MONETARY=C
LC_NUMERIC=C
LC_TIME=C

Signal Handlers:
   SIGSEGV: crash_handler in libjvm.so, mask=11100100010111111101111111111110, flags=SA_RESTART|SA_SIGINFO, unblocked
    SIGBUS: crash_handler in libjvm.so, mask=11100100010111111101111111111110, flags=SA_RESTART|SA_SIGINFO, unblocked
    SIGFPE: crash_handler in libjvm.so, mask=11100100010111111101111111111110, flags=SA_RESTART|SA_SIGINFO, unblocked
   SIGPIPE: javaSignalHandler in libjvm.so, mask=11100100010111111101111111111110, flags=SA_RESTART|SA_SIGINFO, blocked
   SIGXFSZ: javaSignalHandler in libjvm.so, mask=11100100010111111101111111111110, flags=SA_RESTART|SA_SIGINFO, blocked
    SIGILL: crash_handler in libjvm.so, mask=11100100010111111101111111111110, flags=SA_RESTART|SA_SIGINFO, unblocked
   SIGUSR2: SR_handler in libjvm.so, mask=00000000000000000000000000000000, flags=SA_RESTART|SA_SIGINFO, blocked
    SIGHUP: SIG_DFL, mask=00000000000000000000000000000000, flags=none, blocked
    SIGINT: SIG_DFL, mask=00000000000000000000000000000000, flags=none, blocked
   SIGTERM: SIG_DFL, mask=00000000000000000000000000000000, flags=none, blocked
   SIGQUIT: UserHandler in libjvm.so, mask=11100100010111111101111111111110, flags=SA_RESTART|SA_SIGINFO, blocked
   SIGTRAP: crash_handler in libjvm.so, mask=11100100010111111101111111111110, flags=SA_RESTART|SA_SIGINFO, unblocked


Periodic native trim disabled

---------------  S Y S T E M  ---------------

OS:
DISTRIB_ID=Ubuntu
DISTRIB_RELEASE=20.04
DISTRIB_CODENAME=focal
DISTRIB_DESCRIPTION="Ubuntu 20.04.6 LTS"
uname: Linux 6.8.0-1027-azure #32~22.04.1-Ubuntu SMP Thu Apr  3 20:26:27 UTC 2025 x86_64
OS uptime: 0 days 0:06 hours
libc: glibc 2.31 NPTL 2.31 
rlimit (soft/hard): STACK 8192k/infinity , CORE infinity/infinity , NPROC infinity/infinity , NOFILE 1048576/1048576 , AS infinity/infinity , CPU infinity/infinity , DATA infinity/infinity , FSIZE infinity/infinity , MEMLOCK 8192k/8192k
load average: 1.48 0.85 0.40

/proc/meminfo:
MemTotal:       16373756 kB
MemFree:          198560 kB
MemAvailable:   14645340 kB
Buffers:          115688 kB
Cached:         14261860 kB
SwapCached:            0 kB
Active:          2017592 kB
Inactive:       13424492 kB
Active(anon):    1117652 kB
Inactive(anon):    12708 kB
Active(file):     899940 kB
Inactive(file): 13411784 kB
Unevictable:       27856 kB
Mlocked:           27856 kB
SwapTotal:             0 kB
SwapFree:              0 kB
Zswap:                 0 kB
Zswapped:              0 kB
Dirty:            657600 kB
Writeback:             0 kB
AnonPages:       1077104 kB
Mapped:           477556 kB
Shmem:             56592 kB
KReclaimable:     480968 kB
Slab:             604676 kB
SReclaimable:     480968 kB
SUnreclaim:       123708 kB
KernelStack:        7648 kB
PageTables:        20008 kB
SecPageTables:         0 kB
NFS_Unstable:          0 kB
Bounce:                0 kB
WritebackTmp:          0 kB
CommitLimit:     8186876 kB
Committed_AS:    2944372 kB
VmallocTotal:   34359738367 kB
VmallocUsed:       39888 kB
VmallocChunk:          0 kB
Percpu:             2368 kB
HardwareCorrupted:     0 kB
AnonHugePages:    358400 kB
ShmemHugePages:        0 kB
ShmemPmdMapped:        0 kB
FileHugePages:         0 kB
FilePmdMapped:         0 kB
Unaccepted:            0 kB
HugePages_Total:       0
HugePages_Free:        0
HugePages_Rsvd:        0
HugePages_Surp:        0
Hugepagesize:       2048 kB
Hugetlb:               0 kB
DirectMap4k:      165824 kB
DirectMap2M:     5076992 kB
DirectMap1G:    13631488 kB

/sys/kernel/mm/transparent_hugepage/enabled: [always] madvise never
/sys/kernel/mm/transparent_hugepage/hpage_pmd_size: 2097152
/sys/kernel/mm/transparent_hugepage/defrag (defrag/compaction efforts parameter): always defer defer+madvise [madvise] never

Process Memory:
Virtual Size: 7468152K (peak: 24240844K)
Resident Set Size: 20304K (peak: 20304K) (anon: 7248K, file: 13056K, shmem: 0K)
Swapped out: 0K
C-Heap outstanding allocations: 14405K, retained: 606K (may have wrapped)
glibc malloc tunables: (default)

/proc/sys/kernel/threads-max (system-wide limit on the number of threads): 127876
/proc/sys/vm/max_map_count (maximum number of memory map areas a process may have): 65530
/proc/sys/vm/swappiness (control to define how aggressively the kernel swaps out anonymous memory): 60
/proc/sys/kernel/pid_max (system-wide limit on number of process identifiers): 4194304

container (cgroup) information:
container_type: cgroupv2
cpu_cpuset_cpus: not supported
cpu_memory_nodes: not supported
active_processor_count: 4
cpu_quota: no quota
cpu_period: 100000
cpu_shares: no shares
memory_limit_in_bytes: unlimited
memory_and_swap_limit_in_bytes: unlimited
memory_soft_limit_in_bytes: unlimited
memory_usage_in_bytes: 1178004 k
memory_max_usage_in_bytes: not supported
memory_swap_current_in_bytes: unlimited
memory_swap_max_limit_in_bytes: unlimited
maximum number of tasks: unlimited
current number of tasks: 91

Hyper-V virtualization detected
Steal ticks since vm start: 0
Steal ticks percentage since vm start:  0.000

CPU: total 4 (initial active 4) (16 cores per cpu, 2 threads per core) family 25 model 1 stepping 1 microcode 0xffffffff, cx8, cmov, fxsr, ht, mmx, 3dnowpref, sse, sse2, sse3, ssse3, sse4a, sse4.1, sse4.2, popcnt, lzcnt, tsc, tscinvbit, avx, avx2, aes, erms, clmul, bmi1, bmi2, adx, sha, fma, vzeroupper, clflush, clflushopt, hv, rdtscp, rdpid, fsrm, f16c, cet_ss
CPU Model and flags from /proc/cpuinfo:
model name	: AMD EPYC 7763 64-Core Processor
flags		: fpu vme de pse tsc msr pae mce cx8 apic sep mtrr pge mca cmov pat pse36 clflush mmx fxsr sse sse2 ht syscall nx mmxext fxsr_opt pdpe1gb rdtscp lm constant_tsc rep_good nopl tsc_reliable nonstop_tsc cpuid extd_apicid aperfmperf tsc_known_freq pni pclmulqdq ssse3 fma cx16 pcid sse4_1 sse4_2 movbe popcnt aes xsave avx f16c rdrand hypervisor lahf_lm cmp_legacy svm cr8_legacy abm sse4a misalignsse 3dnowprefetch osvw topoext vmmcall fsgsbase bmi1 avx2 smep bmi2 erms invpcid rdseed adx smap clflushopt clwb sha_ni xsaveopt xsavec xgetbv1 xsaves user_shstk clzero xsaveerptr rdpru arat npt nrip_save tsc_scale vmcb_clean flushbyasid decodeassists pausefilter pfthreshold v_vmsave_vmload umip vaes vpclmulqdq rdpid fsrm

Online cpus: 0-3
Offline cpus: 
BIOS frequency limitation: <Not Available>
Frequency switch latency (ns): <Not Available>
Available cpu frequencies: <Not Available>
Current governor: <Not Available>
Core performance/turbo boost: <Not Available>

Memory: 4k page, physical 16373756k(14645340k free), swap 0k(0k free)
Page Sizes: 4k

vm_info: OpenJDK 64-Bit Server VM (21.0.6+7-LTS) for linux-amd64 JRE (21.0.6+7-LTS), built on 2025-01-08T22:59:09Z by "MicrosoftCorporation" with gcc 11.3.0

END.
