#
# There is insufficient memory for the Java Runtime Environment to continue.
# Native memory allocation (mmap) failed to map 17179869184 bytes. Error detail: committing reserved memory.
# Possible reasons:
#   The system is out of physical RAM or swap space
# Possible solutions:
#   Reduce memory load on the system
#   Increase physical memory or swap space
#   Check if swap backing store is full
#   Decrease Java heap size (-Xmx/-Xms)
#   Decrease number of Java threads
#   Decrease Java thread stack sizes (-Xss)
#   Set larger code cache with -XX:ReservedCodeCacheSize=
# This output file may be truncated or incomplete.
#
#  Out of Memory Error (os_linux.cpp:2793), pid=256247, tid=256248
#
# JRE version:  (21.0.6+7) (build )
# Java VM: OpenJDK 64-Bit Server VM (21.0.6+7-LTS, mixed mode, sharing, tiered, compressed class ptrs, g1 gc, linux-amd64)
# Core dump will be written. Default location: Core dumps may be processed with "/usr/share/apport/apport -p%p -s%s -c%c -d%d -P%P -u%u -g%g -- %E" (or dumping to /workspaces/JAVA-SERVER-PE-/core.256247)
#

---------------  S U M M A R Y ------------

Command Line: -Xmx32G -Xms16G paper.jar --nogui

Host: AMD EPYC 7763 64-Core Processor, 4 cores, 15G, Ubuntu 20.04.6 LTS
Time: Mon May 12 16:32:17 2025 UTC elapsed time: 0.004899 seconds (0d 0h 0m 0s)

---------------  T H R E A D  ---------------

Current thread (0x0000781bf002a4e0):  JavaThread "Unknown thread" [_thread_in_vm, id=256248, stack(0x0000781bf74cc000,0x0000781bf75cd000) (1028K)]

Stack: [0x0000781bf74cc000,0x0000781bf75cd000],  sp=0x0000781bf75cb4b0,  free space=1021k
Native frames: (J=compiled Java code, j=interpreted, Vv=VM code, C=native code)
V  [libjvm.so+0x100b3b8]  VMError::report_and_die(int, char const*, char const*, __va_list_tag*, Thread*, unsigned char*, void*, void*, char const*, int, unsigned long)+0x2b8  (os_linux.cpp:2793)
V  [libjvm.so+0x100bdad]
V  [libjvm.so+0x6bbe2f]
V  [libjvm.so+0xd071b4]  os::pd_commit_memory_or_exit(char*, unsigned long, unsigned long, bool, char const*)+0xd4
V  [libjvm.so+0xd0062d]  os::commit_memory_or_exit(char*, unsigned long, unsigned long, bool, char const*)+0x1d
V  [libjvm.so+0x818f4b]  G1PageBasedVirtualSpace::commit(unsigned long, unsigned long)+0xfb
V  [libjvm.so+0x82f06f]  G1RegionsLargerThanCommitSizeMapper::commit_regions(unsigned int, unsigned long, WorkerThreads*)+0x9f
V  [libjvm.so+0x8be8f5]  HeapRegionManager::commit_regions(unsigned int, unsigned long, WorkerThreads*)+0x55
V  [libjvm.so+0x8c0562]  HeapRegionManager::expand(unsigned int, unsigned int, WorkerThreads*)+0x32
V  [libjvm.so+0x8c078e]  HeapRegionManager::expand_by(unsigned int, WorkerThreads*)+0x7e
V  [libjvm.so+0x7d341f]  G1CollectedHeap::expand(unsigned long, WorkerThreads*, double*)+0xff
V  [libjvm.so+0x7d3a34]  G1CollectedHeap::initialize()+0x5c4
V  [libjvm.so+0xfad686]  universe_init()+0xd6
V  [libjvm.so+0x8deeb7]  init_globals()+0x37
V  [libjvm.so+0xf8c6d5]  Threads::create_vm(JavaVMInitArgs*, bool*)+0x2b5
V  [libjvm.so+0x9b9a0f]  JNI_CreateJavaVM+0x4f
C  [libjli.so+0x42bb]  JavaMain+0x8b
C  [libjli.so+0x7e09]  ThreadJavaMain+0x9

---------------  P R O C E S S  ---------------

Threads class SMR info:
_java_thread_list=0x0000781bf8c98dc0, length=0, elements={
}

Java Threads: ( => current thread )
Total: 0

Other Threads:
  0x0000781bf00577a0 WorkerThread "GC Thread#0"                     [id=256249, stack(0x0000781bf6bbe000,0x0000781bf6cbe000) (1024K)]
  0x0000781bf0068d90 ConcurrentGCThread "G1 Main Marker"            [id=256250, stack(0x0000781bf6abd000,0x0000781bf6bbd000) (1024K)]
  0x0000781bf0069d30 WorkerThread "G1 Conc#0"                       [id=256251, stack(0x0000781bf69bc000,0x0000781bf6abc000) (1024K)]

[error occurred during error reporting (printing all threads), id 0xb, SIGSEGV (0xb) at pc=0x0000781bf7f12370]
VM state: not at safepoint (not fully initialized)

VM Mutex/Monitor currently owned by a thread:  ([mutex/lock_event])
[0x0000781bf8c72c78] Heap_lock - owner thread: 0x0000781bf002a4e0

CDS archive(s) mapped at: [0x0000000000000000-0x0000000000000000-0x0000000000000000), size 0, SharedBaseAddress: 0x0000000800000000, ArchiveRelocationMode: 1.
Narrow klass base: 0x0000000000000000, Narrow klass shift: 0, Narrow klass range: 0x0

GC Precious Log:
 CardTable entry size: 512
 Card Set container configuration: InlinePtr #cards 3 size 8 Array Of Cards #cards 128 size 272 Howl #buckets 8 coarsen threshold 29491 Howl Bitmap #cards 4096 size 528 coarsen threshold 3686 Card regions per heap region 1 cards per card region 32768

Heap:
 garbage-first heap   total 0K, used 0K [0x00007813d8000000, 0x0000781bd8000000)
  region size 16384K, 0 young (0K), 0 survivors (0K)

[error occurred during error reporting (printing heap information), id 0xb, SIGSEGV (0xb) at pc=0x0000781bf84d89ea]
GC Heap History (0 events):
No events

Dll operation events (1 events):
Event: 0.002 Loaded shared library /usr/local/sdkman/candidates/java/21.0.6-ms/lib/libjava.so

Deoptimization events (0 events):
No events

Classes loaded (0 events):
No events

Classes unloaded (0 events):
No events

Classes redefined (0 events):
No events

Internal exceptions (0 events):
No events

ZGC Phase Switch (0 events):
No events

VM Operations (0 events):
No events

Memory protections (1 events):
Event: 0.001 Protecting memory [0x0000781bf74cc000,0x0000781bf74d0000] with protection modes 0

Nmethod flushes (0 events):
No events

Events (0 events):
No events


Dynamic libraries:
60d6ed280000-60d6ed281000 r-xp 00000000 00:2c 13765                      /usr/local/sdkman/candidates/java/21.0.6-ms/bin/java
60d6ed282000-60d6ed283000 r--p 00001000 00:2c 13765                      /usr/local/sdkman/candidates/java/21.0.6-ms/bin/java
60d6ed283000-60d6ed284000 rw-p 00002000 00:2c 13765                      /usr/local/sdkman/candidates/java/21.0.6-ms/bin/java
60d6f92e2000-60d6f9328000 rw-p 00000000 00:00 0                          [heap]
7813a0000000-7813a0021000 rw-p 00000000 00:00 0 
7813a0021000-7813a4000000 ---p 00000000 00:00 0 
7813a8000000-7813a8021000 rw-p 00000000 00:00 0 
7813a8021000-7813ac000000 ---p 00000000 00:00 0 
7813ac000000-7813ac021000 rw-p 00000000 00:00 0 
7813ac021000-7813d8000000 ---p 00000000 00:00 0 
7817d8000000-781bd8000000 ---p 00000000 00:00 0 
781bd8800000-781bd8a70000 rwxp 00000000 00:00 0 
781bd8a70000-781bdfd37000 ---p 00000000 00:00 0 
781bdfd37000-781bdffa7000 rwxp 00000000 00:00 0 
781bdffa7000-781be02c8000 ---p 00000000 00:00 0 
781be02c8000-781be0538000 rwxp 00000000 00:00 0 
781be0538000-781be7800000 ---p 00000000 00:00 0 
781be789c000-781bf0000000 r--s 00000000 00:2c 14252                      /usr/local/sdkman/candidates/java/21.0.6-ms/lib/modules
781bf0000000-781bf0088000 rw-p 00000000 00:00 0 
781bf0088000-781bf4000000 ---p 00000000 00:00 0 
781bf4092000-781bf6800000 rw-p 00000000 00:00 0 
781bf68ba000-781bf69bb000 rw-p 00000000 00:00 0 
781bf69bb000-781bf69bc000 ---p 00000000 00:00 0 
781bf69bc000-781bf6abc000 rw-p 00000000 00:00 0 
781bf6abc000-781bf6abd000 ---p 00000000 00:00 0 
781bf6abd000-781bf6bbd000 rw-p 00000000 00:00 0 
781bf6bbd000-781bf6bbe000 ---p 00000000 00:00 0 
781bf6bbe000-781bf6cbe000 rw-p 00000000 00:00 0 
781bf6cbe000-781bf728e000 rw-p 00000000 00:00 0 
781bf728e000-781bf7374000 ---p 00000000 00:00 0 
781bf7374000-781bf7379000 rw-p 00000000 00:00 0 
781bf7379000-781bf745f000 ---p 00000000 00:00 0 
781bf745f000-781bf7464000 rw-p 00000000 00:00 0 
781bf7464000-781bf746b000 ---p 00000000 00:00 0 
781bf746b000-781bf748b000 r-xp 00000000 00:2c 14227                      /usr/local/sdkman/candidates/java/21.0.6-ms/lib/libjava.so
781bf748b000-781bf748c000 ---p 00020000 00:2c 14227                      /usr/local/sdkman/candidates/java/21.0.6-ms/lib/libjava.so
781bf748c000-781bf748d000 r--p 00020000 00:2c 14227                      /usr/local/sdkman/candidates/java/21.0.6-ms/lib/libjava.so
781bf748d000-781bf748e000 rw-p 00021000 00:2c 14227                      /usr/local/sdkman/candidates/java/21.0.6-ms/lib/libjava.so
781bf748e000-781bf748f000 rw-p 00000000 00:00 0 
781bf748f000-781bf7492000 r--p 00000000 00:2c 1183273                    /usr/lib/x86_64-linux-gnu/libnss_files-2.31.so
781bf7492000-781bf7499000 r-xp 00003000 00:2c 1183273                    /usr/lib/x86_64-linux-gnu/libnss_files-2.31.so
781bf7499000-781bf749b000 r--p 0000a000 00:2c 1183273                    /usr/lib/x86_64-linux-gnu/libnss_files-2.31.so
781bf749b000-781bf749c000 r--p 0000b000 00:2c 1183273                    /usr/lib/x86_64-linux-gnu/libnss_files-2.31.so
781bf749c000-781bf749d000 rw-p 0000c000 00:2c 1183273                    /usr/lib/x86_64-linux-gnu/libnss_files-2.31.so
781bf749d000-781bf74a3000 rw-p 00000000 00:00 0 
781bf74ad000-781bf74c8000 r-xp 00000000 00:2c 14231                      /usr/local/sdkman/candidates/java/21.0.6-ms/lib/libjimage.so
781bf74c8000-781bf74c9000 ---p 0001b000 00:2c 14231                      /usr/local/sdkman/candidates/java/21.0.6-ms/lib/libjimage.so
781bf74c9000-781bf74cb000 r--p 0001b000 00:2c 14231                      /usr/local/sdkman/candidates/java/21.0.6-ms/lib/libjimage.so
781bf74cb000-781bf74cc000 rw-p 0001d000 00:2c 14231                      /usr/local/sdkman/candidates/java/21.0.6-ms/lib/libjimage.so
781bf74cc000-781bf74d0000 ---p 00000000 00:00 0 
781bf74d0000-781bf75cd000 rw-p 00000000 00:00 0 
781bf75cd000-781bf75da000 r--p 00000000 00:2c 1183262                    /usr/lib/x86_64-linux-gnu/libm-2.31.so
781bf75da000-781bf7681000 r-xp 0000d000 00:2c 1183262                    /usr/lib/x86_64-linux-gnu/libm-2.31.so
781bf7681000-781bf771a000 r--p 000b4000 00:2c 1183262                    /usr/lib/x86_64-linux-gnu/libm-2.31.so
781bf771a000-781bf771b000 r--p 0014c000 00:2c 1183262                    /usr/lib/x86_64-linux-gnu/libm-2.31.so
781bf771b000-781bf771c000 rw-p 0014d000 00:2c 1183262                    /usr/lib/x86_64-linux-gnu/libm-2.31.so
781bf771c000-781bf771e000 r--p 00000000 00:2c 1183286                    /usr/lib/x86_64-linux-gnu/librt-2.31.so
781bf771e000-781bf7722000 r-xp 00002000 00:2c 1183286                    /usr/lib/x86_64-linux-gnu/librt-2.31.so
781bf7722000-781bf7724000 r--p 00006000 00:2c 1183286                    /usr/lib/x86_64-linux-gnu/librt-2.31.so
781bf7724000-781bf7725000 r--p 00007000 00:2c 1183286                    /usr/lib/x86_64-linux-gnu/librt-2.31.so
781bf7725000-781bf7726000 rw-p 00008000 00:2c 1183286                    /usr/lib/x86_64-linux-gnu/librt-2.31.so
781bf7726000-781bf8b3c000 r-xp 00000000 00:2c 14264                      /usr/local/sdkman/candidates/java/21.0.6-ms/lib/server/libjvm.so
781bf8b3c000-781bf8b3d000 ---p 01416000 00:2c 14264                      /usr/local/sdkman/candidates/java/21.0.6-ms/lib/server/libjvm.so
781bf8b3d000-781bf8c11000 r--p 01416000 00:2c 14264                      /usr/local/sdkman/candidates/java/21.0.6-ms/lib/server/libjvm.so
781bf8c11000-781bf8c41000 rw-p 014ea000 00:2c 14264                      /usr/local/sdkman/candidates/java/21.0.6-ms/lib/server/libjvm.so
781bf8c41000-781bf8ca9000 rw-p 00000000 00:00 0 
781bf8ca9000-781bf8ccb000 r--p 00000000 00:2c 1183256                    /usr/lib/x86_64-linux-gnu/libc-2.31.so
781bf8ccb000-781bf8e43000 r-xp 00022000 00:2c 1183256                    /usr/lib/x86_64-linux-gnu/libc-2.31.so
781bf8e43000-781bf8e91000 r--p 0019a000 00:2c 1183256                    /usr/lib/x86_64-linux-gnu/libc-2.31.so
781bf8e91000-781bf8e95000 r--p 001e7000 00:2c 1183256                    /usr/lib/x86_64-linux-gnu/libc-2.31.so
781bf8e95000-781bf8e97000 rw-p 001eb000 00:2c 1183256                    /usr/lib/x86_64-linux-gnu/libc-2.31.so
781bf8e97000-781bf8e9b000 rw-p 00000000 00:00 0 
781bf8e9b000-781bf8e9c000 r--p 00000000 00:2c 1183258                    /usr/lib/x86_64-linux-gnu/libdl-2.31.so
781bf8e9c000-781bf8e9e000 r-xp 00001000 00:2c 1183258                    /usr/lib/x86_64-linux-gnu/libdl-2.31.so
781bf8e9e000-781bf8e9f000 r--p 00003000 00:2c 1183258                    /usr/lib/x86_64-linux-gnu/libdl-2.31.so
781bf8e9f000-781bf8ea0000 r--p 00003000 00:2c 1183258                    /usr/lib/x86_64-linux-gnu/libdl-2.31.so
781bf8ea0000-781bf8ea1000 rw-p 00004000 00:2c 1183258                    /usr/lib/x86_64-linux-gnu/libdl-2.31.so
781bf8ea1000-781bf8ea7000 r--p 00000000 00:2c 1183282                    /usr/lib/x86_64-linux-gnu/libpthread-2.31.so
781bf8ea7000-781bf8eb8000 r-xp 00006000 00:2c 1183282                    /usr/lib/x86_64-linux-gnu/libpthread-2.31.so
781bf8eb8000-781bf8ebe000 r--p 00017000 00:2c 1183282                    /usr/lib/x86_64-linux-gnu/libpthread-2.31.so
781bf8ebe000-781bf8ebf000 r--p 0001c000 00:2c 1183282                    /usr/lib/x86_64-linux-gnu/libpthread-2.31.so
781bf8ebf000-781bf8ec0000 rw-p 0001d000 00:2c 1183282                    /usr/lib/x86_64-linux-gnu/libpthread-2.31.so
781bf8ec0000-781bf8ec4000 rw-p 00000000 00:00 0 
781bf8ec4000-781bf8ed2000 r-xp 00000000 00:2c 14232                      /usr/local/sdkman/candidates/java/21.0.6-ms/lib/libjli.so
781bf8ed2000-781bf8ed3000 ---p 0000e000 00:2c 14232                      /usr/local/sdkman/candidates/java/21.0.6-ms/lib/libjli.so
781bf8ed3000-781bf8ed4000 r--p 0000e000 00:2c 14232                      /usr/local/sdkman/candidates/java/21.0.6-ms/lib/libjli.so
781bf8ed4000-781bf8ed5000 rw-p 0000f000 00:2c 14232                      /usr/local/sdkman/candidates/java/21.0.6-ms/lib/libjli.so
781bf8ed5000-781bf8ed7000 r--p 00000000 00:2c 1180715                    /usr/lib/x86_64-linux-gnu/libz.so.1.2.11
781bf8ed7000-781bf8ee8000 r-xp 00002000 00:2c 1180715                    /usr/lib/x86_64-linux-gnu/libz.so.1.2.11
781bf8ee8000-781bf8eee000 r--p 00013000 00:2c 1180715                    /usr/lib/x86_64-linux-gnu/libz.so.1.2.11
781bf8eee000-781bf8eef000 ---p 00019000 00:2c 1180715                    /usr/lib/x86_64-linux-gnu/libz.so.1.2.11
781bf8eef000-781bf8ef0000 r--p 00019000 00:2c 1180715                    /usr/lib/x86_64-linux-gnu/libz.so.1.2.11
781bf8ef0000-781bf8ef1000 rw-p 0001a000 00:2c 1180715                    /usr/lib/x86_64-linux-gnu/libz.so.1.2.11
781bf8ef1000-781bf8ef9000 rw-s 00000000 08:21 7602190                    /tmp/hsperfdata_codespace/256247
781bf8ef9000-781bf8efa000 ---p 00000000 00:00 0 
781bf8efa000-781bf8efb000 r--p 00000000 00:00 0 
781bf8efb000-781bf8efd000 rw-p 00000000 00:00 0 
781bf8efd000-781bf8efe000 r--p 00000000 00:2c 1183249                    /usr/lib/x86_64-linux-gnu/ld-2.31.so
781bf8efe000-781bf8f21000 r-xp 00001000 00:2c 1183249                    /usr/lib/x86_64-linux-gnu/ld-2.31.so
781bf8f21000-781bf8f29000 r--p 00024000 00:2c 1183249                    /usr/lib/x86_64-linux-gnu/ld-2.31.so
781bf8f29000-781bf8f2a000 ---p 00000000 00:00 0 
781bf8f2a000-781bf8f2b000 r--p 0002c000 00:2c 1183249                    /usr/lib/x86_64-linux-gnu/ld-2.31.so
781bf8f2b000-781bf8f2c000 rw-p 0002d000 00:2c 1183249                    /usr/lib/x86_64-linux-gnu/ld-2.31.so
781bf8f2c000-781bf8f2d000 rw-p 00000000 00:00 0 
7ffead3ab000-7ffead3cd000 rw-p 00000000 00:00 0                          [stack]
7ffead3ce000-7ffead3d2000 r--p 00000000 00:00 0                          [vvar]
7ffead3d2000-7ffead3d4000 r-xp 00000000 00:00 0                          [vdso]
ffffffffff600000-ffffffffff601000 --xp 00000000 00:00 0                  [vsyscall]
Total number of mappings: 108


VM Arguments:
jvm_args: -Xmx32G -Xms16G 
java_command: paper.jar --nogui
java_class_path (initial): paper.jar
Launcher Type: SUN_STANDARD

[Global flags]
     intx CICompilerCount                          = 3                                         {product} {ergonomic}
     uint ConcGCThreads                            = 1                                         {product} {ergonomic}
     uint G1ConcRefinementThreads                  = 4                                         {product} {ergonomic}
   size_t G1HeapRegionSize                         = 16777216                                  {product} {ergonomic}
    uintx GCDrainStackTargetSize                   = 64                                        {product} {ergonomic}
   size_t InitialHeapSize                          = 17179869184                               {product} {command line}
   size_t MarkStackSize                            = 4194304                                   {product} {ergonomic}
   size_t MaxHeapSize                              = 34359738368                               {product} {command line}
   size_t MinHeapDeltaBytes                        = 16777216                                  {product} {ergonomic}
   size_t MinHeapSize                              = 17179869184                               {product} {command line}
    uintx NonNMethodCodeHeapSize                   = 5832780                                {pd product} {ergonomic}
    uintx NonProfiledCodeHeapSize                  = 122912730                              {pd product} {ergonomic}
    uintx ProfiledCodeHeapSize                     = 122912730                              {pd product} {ergonomic}
    uintx ReservedCodeCacheSize                    = 251658240                              {pd product} {ergonomic}
     bool SegmentedCodeCache                       = true                                      {product} {ergonomic}
   size_t SoftMaxHeapSize                          = 34359738368                            {manageable} {ergonomic}
     bool UseG1GC                                  = true                                      {product} {ergonomic}

Logging:
Log output configuration:
 #0: stdout all=warning uptime,level,tags foldmultilines=false
 #1: stderr all=off uptime,level,tags foldmultilines=false

Environment Variables:
JAVA_HOME=/usr/local/sdkman/candidates/java/current
PATH=/usr/local/rvm/gems/ruby-3.3.4/bin:/usr/local/rvm/gems/ruby-3.3.4@global/bin:/usr/local/rvm/rubies/ruby-3.3.4/bin:/vscode/bin/linux-x64/19e0f9e681ecb8e5c09d8784acaa601316ca4571/bin/remote-cli:/home/codespace/.local/bin:/home/codespace/.dotnet:/home/codespace/nvm/current/bin:/home/codespace/.php/current/bin:/home/codespace/.python/current/bin:/home/codespace/java/current/bin:/home/codespace/.ruby/current/bin:/home/codespace/.local/bin:/usr/local/python/current/bin:/usr/local/py-utils/bin:/usr/local/jupyter:/usr/local/oryx:/usr/local/go/bin:/go/bin:/usr/local/sdkman/bin:/usr/local/sdkman/candidates/java/current/bin:/usr/local/sdkman/candidates/gradle/current/bin:/usr/local/sdkman/candidates/maven/current/bin:/usr/local/sdkman/candidates/ant/current/bin:/usr/local/rvm/gems/default/bin:/usr/local/rvm/gems/default@global/bin:/usr/local/rvm/rubies/default/bin:/usr/local/share/rbenv/bin:/usr/local/php/current/bin:/opt/conda/bin:/usr/local/nvs:/usr/local/share/nvm/versions/node/v20.19.0/bin:/usr/local/hugo/bin:/usr/local/sbin:/usr/local/bin:/usr/sbin:/usr/bin:/sbin:/bin:/usr/share/dotnet:/home/codespace/.dotnet/tools:/usr/local/rvm/bin
SHELL=/bin/bash
LANG=C.UTF-8
TERM=xterm-256color

Active Locale:
LC_ALL=C
LC_COLLATE=C
LC_CTYPE=C
LC_MESSAGES=C
LC_MONETARY=C
LC_NUMERIC=C
LC_TIME=C

Signal Handlers:
   SIGSEGV: crash_handler in libjvm.so, mask=11100100010111111101111111111110, flags=SA_RESTART|SA_SIGINFO, unblocked
    SIGBUS: crash_handler in libjvm.so, mask=11100100010111111101111111111110, flags=SA_RESTART|SA_SIGINFO, unblocked
    SIGFPE: crash_handler in libjvm.so, mask=11100100010111111101111111111110, flags=SA_RESTART|SA_SIGINFO, unblocked
   SIGPIPE: javaSignalHandler in libjvm.so, mask=11100100010111111101111111111110, flags=SA_RESTART|SA_SIGINFO, blocked
   SIGXFSZ: javaSignalHandler in libjvm.so, mask=11100100010111111101111111111110, flags=SA_RESTART|SA_SIGINFO, blocked
    SIGILL: crash_handler in libjvm.so, mask=11100100010111111101111111111110, flags=SA_RESTART|SA_SIGINFO, unblocked
   SIGUSR2: SR_handler in libjvm.so, mask=00000000000000000000000000000000, flags=SA_RESTART|SA_SIGINFO, blocked
    SIGHUP: SIG_DFL, mask=00000000000000000000000000000000, flags=none, blocked
    SIGINT: SIG_DFL, mask=00000000000000000000000000000000, flags=none, blocked
   SIGTERM: SIG_DFL, mask=00000000000000000000000000000000, flags=none, blocked
   SIGQUIT: UserHandler in libjvm.so, mask=11100100010111111101111111111110, flags=SA_RESTART|SA_SIGINFO, blocked
   SIGTRAP: crash_handler in libjvm.so, mask=11100100010111111101111111111110, flags=SA_RESTART|SA_SIGINFO, unblocked


Periodic native trim disabled

---------------  S Y S T E M  ---------------

OS:
DISTRIB_ID=Ubuntu
DISTRIB_RELEASE=20.04
DISTRIB_CODENAME=focal
DISTRIB_DESCRIPTION="Ubuntu 20.04.6 LTS"
uname: Linux 6.8.0-1027-azure #32~22.04.1-Ubuntu SMP Thu Apr  3 20:26:27 UTC 2025 x86_64
OS uptime: 0 days 7:47 hours
libc: glibc 2.31 NPTL 2.31 
rlimit (soft/hard): STACK 8192k/infinity , CORE infinity/infinity , NPROC infinity/infinity , NOFILE 1048576/1048576 , AS infinity/infinity , CPU infinity/infinity , DATA infinity/infinity , FSIZE infinity/infinity , MEMLOCK 8192k/8192k
load average: 0.10 0.28 0.25

/proc/meminfo:
MemTotal:       16373756 kB
MemFree:         6640620 kB
MemAvailable:   13614164 kB
Buffers:          356756 kB
Cached:          6723092 kB
SwapCached:            0 kB
Active:          4307388 kB
Inactive:        4799796 kB
Active(anon):    2072036 kB
Inactive(anon):    26780 kB
Active(file):    2235352 kB
Inactive(file):  4773016 kB
Unevictable:       27856 kB
Mlocked:           27856 kB
SwapTotal:             0 kB
SwapFree:              0 kB
Zswap:                 0 kB
Zswapped:              0 kB
Dirty:              1348 kB
Writeback:             0 kB
AnonPages:       2024964 kB
Mapped:           508980 kB
Shmem:             62292 kB
KReclaimable:     311088 kB
Slab:             431404 kB
SReclaimable:     311088 kB
SUnreclaim:       120316 kB
KernelStack:       12720 kB
PageTables:        41760 kB
SecPageTables:         0 kB
NFS_Unstable:          0 kB
Bounce:                0 kB
WritebackTmp:          0 kB
CommitLimit:     8186876 kB
Committed_AS:    6485404 kB
VmallocTotal:   34359738367 kB
VmallocUsed:       45280 kB
VmallocChunk:          0 kB
Percpu:             2352 kB
HardwareCorrupted:     0 kB
AnonHugePages:   1007616 kB
ShmemHugePages:        0 kB
ShmemPmdMapped:        0 kB
FileHugePages:         0 kB
FilePmdMapped:         0 kB
Unaccepted:            0 kB
HugePages_Total:       0
HugePages_Free:        0
HugePages_Rsvd:        0
HugePages_Surp:        0
Hugepagesize:       2048 kB
Hugetlb:               0 kB
DirectMap4k:      171968 kB
DirectMap2M:     4022272 kB
DirectMap1G:    14680064 kB

/sys/kernel/mm/transparent_hugepage/enabled: [always] madvise never
/sys/kernel/mm/transparent_hugepage/hpage_pmd_size: 2097152
/sys/kernel/mm/transparent_hugepage/defrag (defrag/compaction efforts parameter): always defer defer+madvise [madvise] never

Process Memory:
Virtual Size: 18159280K (peak: 34960628K)
Resident Set Size: 20992K (peak: 20992K) (anon: 7680K, file: 13312K, shmem: 0K)
Swapped out: 0K
C-Heap outstanding allocations: 14925K, retained: 606K (may have wrapped)
glibc malloc tunables: (default)

/proc/sys/kernel/threads-max (system-wide limit on the number of threads): 127876
/proc/sys/vm/max_map_count (maximum number of memory map areas a process may have): 65530
/proc/sys/vm/swappiness (control to define how aggressively the kernel swaps out anonymous memory): 60
/proc/sys/kernel/pid_max (system-wide limit on number of process identifiers): 4194304

container (cgroup) information:
container_type: cgroupv2
cpu_cpuset_cpus: not supported
cpu_memory_nodes: not supported
active_processor_count: 4
cpu_quota: no quota
cpu_period: 100000
cpu_shares: no shares
memory_limit_in_bytes: unlimited
memory_and_swap_limit_in_bytes: unlimited
memory_soft_limit_in_bytes: unlimited
memory_usage_in_bytes: 2819792 k
memory_max_usage_in_bytes: not supported
memory_swap_current_in_bytes: unlimited
memory_swap_max_limit_in_bytes: unlimited
maximum number of tasks: unlimited
current number of tasks: 154

Hyper-V virtualization detected
Steal ticks since vm start: 0
Steal ticks percentage since vm start:  0.000

CPU: total 4 (initial active 4) (16 cores per cpu, 2 threads per core) family 25 model 1 stepping 1 microcode 0xffffffff, cx8, cmov, fxsr, ht, mmx, 3dnowpref, sse, sse2, sse3, ssse3, sse4a, sse4.1, sse4.2, popcnt, lzcnt, tsc, tscinvbit, avx, avx2, aes, erms, clmul, bmi1, bmi2, adx, sha, fma, vzeroupper, clflush, clflushopt, hv, rdtscp, rdpid, fsrm, f16c, cet_ss
CPU Model and flags from /proc/cpuinfo:
model name	: AMD EPYC 7763 64-Core Processor
flags		: fpu vme de pse tsc msr pae mce cx8 apic sep mtrr pge mca cmov pat pse36 clflush mmx fxsr sse sse2 ht syscall nx mmxext fxsr_opt pdpe1gb rdtscp lm constant_tsc rep_good nopl tsc_reliable nonstop_tsc cpuid extd_apicid aperfmperf tsc_known_freq pni pclmulqdq ssse3 fma cx16 pcid sse4_1 sse4_2 movbe popcnt aes xsave avx f16c rdrand hypervisor lahf_lm cmp_legacy svm cr8_legacy abm sse4a misalignsse 3dnowprefetch osvw topoext vmmcall fsgsbase bmi1 avx2 smep bmi2 erms invpcid rdseed adx smap clflushopt clwb sha_ni xsaveopt xsavec xgetbv1 xsaves user_shstk clzero xsaveerptr rdpru arat npt nrip_save tsc_scale vmcb_clean flushbyasid decodeassists pausefilter pfthreshold v_vmsave_vmload umip vaes vpclmulqdq rdpid fsrm

Online cpus: 0-3
Offline cpus: 
BIOS frequency limitation: <Not Available>
Frequency switch latency (ns): <Not Available>
Available cpu frequencies: <Not Available>
Current governor: <Not Available>
Core performance/turbo boost: <Not Available>

Memory: 4k page, physical 16373756k(13614164k free), swap 0k(0k free)
Page Sizes: 4k

vm_info: OpenJDK 64-Bit Server VM (21.0.6+7-LTS) for linux-amd64 JRE (21.0.6+7-LTS), built on 2025-01-08T22:59:09Z by "MicrosoftCorporation" with gcc 11.3.0

END.
